Added Component: Designator=C1(CAPC1608X90N)
Add component (AddParameter): Name = "Arrow_Part_Number"; Value = "06031A4R7BAT2A"; VariantName = "[No Variations]"
Add component (AddParameter): Name = "Arrow_Price-Stock"; Value = "https://www.arrow.com/en/products/06031a4r7bat2a/avx"; VariantName = "[No Variations]"
Add component (AddParameter): Name = "DeviceName"; Value = ""; VariantName = "[No Variations]"
Add component (AddParameter): Name = "DeviceSetName"; Value = "06031A4R7BAT2A"; VariantName = "[No Variations]"
Add component (AddParameter): Name = "GateName_1"; Value = "G$1"; VariantName = "[No Variations]"
Add component (AddParameter): Name = "Height"; Value = "0.9mm"; VariantName = "[No Variations]"
Add component (AddParameter): Name = "LibraryName"; Value = "06031A4R7BAT2A"; VariantName = "[No Variations]"
Add component (AddParameter): Name = "Manufacturer_Name"; Value = "AVX"; VariantName = "[No Variations]"
Add component (AddParameter): Name = "Manufacturer_Part_Number"; Value = "06031A4R7BAT2A"; VariantName = "[No Variations]"
Add component (AddParameter): Name = "Mouser_Part_Number"; Value = ""; VariantName = "[No Variations]"
Add component (AddParameter): Name = "Mouser_Price-Stock"; Value = ""; VariantName = "[No Variations]"
Add component (AddParameter): Name = "Package"; Value = "CAPC1608X90N"; VariantName = "[No Variations]"
Add component (AddParameter): Name = "SymbolName_1"; Value = "06031A4R7BAT2A"; VariantName = "[No Variations]"
Added Component: Designator=C2(CAPC1608X90N)
Add component (AddParameter): Name = "Arrow_Part_Number"; Value = "06031A4R7BAT2A"; VariantName = "[No Variations]"
Add component (AddParameter): Name = "Arrow_Price-Stock"; Value = "https://www.arrow.com/en/products/06031a4r7bat2a/avx"; VariantName = "[No Variations]"
Add component (AddParameter): Name = "DeviceName"; Value = ""; VariantName = "[No Variations]"
Add component (AddParameter): Name = "DeviceSetName"; Value = "06031A4R7BAT2A"; VariantName = "[No Variations]"
Add component (AddParameter): Name = "GateName_1"; Value = "G$1"; VariantName = "[No Variations]"
Add component (AddParameter): Name = "Height"; Value = "0.9mm"; VariantName = "[No Variations]"
Add component (AddParameter): Name = "LibraryName"; Value = "06031A4R7BAT2A"; VariantName = "[No Variations]"
Add component (AddParameter): Name = "Manufacturer_Name"; Value = "AVX"; VariantName = "[No Variations]"
Add component (AddParameter): Name = "Manufacturer_Part_Number"; Value = "06031A4R7BAT2A"; VariantName = "[No Variations]"
Add component (AddParameter): Name = "Mouser_Part_Number"; Value = ""; VariantName = "[No Variations]"
Add component (AddParameter): Name = "Mouser_Price-Stock"; Value = ""; VariantName = "[No Variations]"
Add component (AddParameter): Name = "Package"; Value = "CAPC1608X90N"; VariantName = "[No Variations]"
Add component (AddParameter): Name = "SymbolName_1"; Value = "06031A4R7BAT2A"; VariantName = "[No Variations]"
Added Component: Designator=C3(CAPC1608X90N)
Add component (AddParameter): Name = "Arrow_Part_Number"; Value = "06031A4R7BAT2A"; VariantName = "[No Variations]"
Add component (AddParameter): Name = "Arrow_Price-Stock"; Value = "https://www.arrow.com/en/products/06031a4r7bat2a/avx"; VariantName = "[No Variations]"
Add component (AddParameter): Name = "DeviceName"; Value = ""; VariantName = "[No Variations]"
Add component (AddParameter): Name = "DeviceSetName"; Value = "06031A4R7BAT2A"; VariantName = "[No Variations]"
Add component (AddParameter): Name = "GateName_1"; Value = "G$1"; VariantName = "[No Variations]"
Add component (AddParameter): Name = "Height"; Value = "0.9mm"; VariantName = "[No Variations]"
Add component (AddParameter): Name = "LibraryName"; Value = "06031A4R7BAT2A"; VariantName = "[No Variations]"
Add component (AddParameter): Name = "Manufacturer_Name"; Value = "AVX"; VariantName = "[No Variations]"
Add component (AddParameter): Name = "Manufacturer_Part_Number"; Value = "06031A4R7BAT2A"; VariantName = "[No Variations]"
Add component (AddParameter): Name = "Mouser_Part_Number"; Value = ""; VariantName = "[No Variations]"
Add component (AddParameter): Name = "Mouser_Price-Stock"; Value = ""; VariantName = "[No Variations]"
Add component (AddParameter): Name = "Package"; Value = "CAPC1608X90N"; VariantName = "[No Variations]"
Add component (AddParameter): Name = "SymbolName_1"; Value = "06031A4R7BAT2A"; VariantName = "[No Variations]"
Added Component: Designator=C4(CAPC1608X90N)
Add component (AddParameter): Name = "Arrow_Part_Number"; Value = "06031A4R7BAT2A"; VariantName = "[No Variations]"
Add component (AddParameter): Name = "Arrow_Price-Stock"; Value = "https://www.arrow.com/en/products/06031a4r7bat2a/avx"; VariantName = "[No Variations]"
Add component (AddParameter): Name = "DeviceName"; Value = ""; VariantName = "[No Variations]"
Add component (AddParameter): Name = "DeviceSetName"; Value = "06031A4R7BAT2A"; VariantName = "[No Variations]"
Add component (AddParameter): Name = "GateName_1"; Value = "G$1"; VariantName = "[No Variations]"
Add component (AddParameter): Name = "Height"; Value = "0.9mm"; VariantName = "[No Variations]"
Add component (AddParameter): Name = "LibraryName"; Value = "06031A4R7BAT2A"; VariantName = "[No Variations]"
Add component (AddParameter): Name = "Manufacturer_Name"; Value = "AVX"; VariantName = "[No Variations]"
Add component (AddParameter): Name = "Manufacturer_Part_Number"; Value = "06031A4R7BAT2A"; VariantName = "[No Variations]"
Add component (AddParameter): Name = "Mouser_Part_Number"; Value = ""; VariantName = "[No Variations]"
Add component (AddParameter): Name = "Mouser_Price-Stock"; Value = ""; VariantName = "[No Variations]"
Add component (AddParameter): Name = "Package"; Value = "CAPC1608X90N"; VariantName = "[No Variations]"
Add component (AddParameter): Name = "SymbolName_1"; Value = "06031A4R7BAT2A"; VariantName = "[No Variations]"
Added Component: Designator=C5(CAPC1608X90N)
Add component (AddParameter): Name = "Arrow_Part_Number"; Value = "06031A4R7BAT2A"; VariantName = "[No Variations]"
Add component (AddParameter): Name = "Arrow_Price-Stock"; Value = "https://www.arrow.com/en/products/06031a4r7bat2a/avx"; VariantName = "[No Variations]"
Add component (AddParameter): Name = "DeviceName"; Value = ""; VariantName = "[No Variations]"
Add component (AddParameter): Name = "DeviceSetName"; Value = "06031A4R7BAT2A"; VariantName = "[No Variations]"
Add component (AddParameter): Name = "GateName_1"; Value = "G$1"; VariantName = "[No Variations]"
Add component (AddParameter): Name = "Height"; Value = "0.9mm"; VariantName = "[No Variations]"
Add component (AddParameter): Name = "LibraryName"; Value = "06031A4R7BAT2A"; VariantName = "[No Variations]"
Add component (AddParameter): Name = "Manufacturer_Name"; Value = "AVX"; VariantName = "[No Variations]"
Add component (AddParameter): Name = "Manufacturer_Part_Number"; Value = "06031A4R7BAT2A"; VariantName = "[No Variations]"
Add component (AddParameter): Name = "Mouser_Part_Number"; Value = ""; VariantName = "[No Variations]"
Add component (AddParameter): Name = "Mouser_Price-Stock"; Value = ""; VariantName = "[No Variations]"
Add component (AddParameter): Name = "Package"; Value = "CAPC1608X90N"; VariantName = "[No Variations]"
Add component (AddParameter): Name = "SymbolName_1"; Value = "06031A4R7BAT2A"; VariantName = "[No Variations]"
Added Component: Designator=C6(CAPC1608X90N)
Add component (AddParameter): Name = "Arrow_Part_Number"; Value = "06031A4R7BAT2A"; VariantName = "[No Variations]"
Add component (AddParameter): Name = "Arrow_Price-Stock"; Value = "https://www.arrow.com/en/products/06031a4r7bat2a/avx"; VariantName = "[No Variations]"
Add component (AddParameter): Name = "DeviceName"; Value = ""; VariantName = "[No Variations]"
Add component (AddParameter): Name = "DeviceSetName"; Value = "06031A4R7BAT2A"; VariantName = "[No Variations]"
Add component (AddParameter): Name = "GateName_1"; Value = "G$1"; VariantName = "[No Variations]"
Add component (AddParameter): Name = "Height"; Value = "0.9mm"; VariantName = "[No Variations]"
Add component (AddParameter): Name = "LibraryName"; Value = "06031A4R7BAT2A"; VariantName = "[No Variations]"
Add component (AddParameter): Name = "Manufacturer_Name"; Value = "AVX"; VariantName = "[No Variations]"
Add component (AddParameter): Name = "Manufacturer_Part_Number"; Value = "06031A4R7BAT2A"; VariantName = "[No Variations]"
Add component (AddParameter): Name = "Mouser_Part_Number"; Value = ""; VariantName = "[No Variations]"
Add component (AddParameter): Name = "Mouser_Price-Stock"; Value = ""; VariantName = "[No Variations]"
Add component (AddParameter): Name = "Package"; Value = "CAPC1608X90N"; VariantName = "[No Variations]"
Add component (AddParameter): Name = "SymbolName_1"; Value = "06031A4R7BAT2A"; VariantName = "[No Variations]"
Added Component: Designator=C7(CAPC1608X90N)
Add component (AddParameter): Name = "Arrow_Part_Number"; Value = "06031A4R7BAT2A"; VariantName = "[No Variations]"
Add component (AddParameter): Name = "Arrow_Price-Stock"; Value = "https://www.arrow.com/en/products/06031a4r7bat2a/avx"; VariantName = "[No Variations]"
Add component (AddParameter): Name = "DeviceName"; Value = ""; VariantName = "[No Variations]"
Add component (AddParameter): Name = "DeviceSetName"; Value = "06031A4R7BAT2A"; VariantName = "[No Variations]"
Add component (AddParameter): Name = "GateName_1"; Value = "G$1"; VariantName = "[No Variations]"
Add component (AddParameter): Name = "Height"; Value = "0.9mm"; VariantName = "[No Variations]"
Add component (AddParameter): Name = "LibraryName"; Value = "06031A4R7BAT2A"; VariantName = "[No Variations]"
Add component (AddParameter): Name = "Manufacturer_Name"; Value = "AVX"; VariantName = "[No Variations]"
Add component (AddParameter): Name = "Manufacturer_Part_Number"; Value = "06031A4R7BAT2A"; VariantName = "[No Variations]"
Add component (AddParameter): Name = "Mouser_Part_Number"; Value = ""; VariantName = "[No Variations]"
Add component (AddParameter): Name = "Mouser_Price-Stock"; Value = ""; VariantName = "[No Variations]"
Add component (AddParameter): Name = "Package"; Value = "CAPC1608X90N"; VariantName = "[No Variations]"
Add component (AddParameter): Name = "SymbolName_1"; Value = "06031A4R7BAT2A"; VariantName = "[No Variations]"
Added Component: Designator=C8(CAPC1608X90N)
Add component (AddParameter): Name = "Arrow_Part_Number"; Value = "06031A4R7BAT2A"; VariantName = "[No Variations]"
Add component (AddParameter): Name = "Arrow_Price-Stock"; Value = "https://www.arrow.com/en/products/06031a4r7bat2a/avx"; VariantName = "[No Variations]"
Add component (AddParameter): Name = "DeviceName"; Value = ""; VariantName = "[No Variations]"
Add component (AddParameter): Name = "DeviceSetName"; Value = "06031A4R7BAT2A"; VariantName = "[No Variations]"
Add component (AddParameter): Name = "GateName_1"; Value = "G$1"; VariantName = "[No Variations]"
Add component (AddParameter): Name = "Height"; Value = "0.9mm"; VariantName = "[No Variations]"
Add component (AddParameter): Name = "LibraryName"; Value = "06031A4R7BAT2A"; VariantName = "[No Variations]"
Add component (AddParameter): Name = "Manufacturer_Name"; Value = "AVX"; VariantName = "[No Variations]"
Add component (AddParameter): Name = "Manufacturer_Part_Number"; Value = "06031A4R7BAT2A"; VariantName = "[No Variations]"
Add component (AddParameter): Name = "Mouser_Part_Number"; Value = ""; VariantName = "[No Variations]"
Add component (AddParameter): Name = "Mouser_Price-Stock"; Value = ""; VariantName = "[No Variations]"
Add component (AddParameter): Name = "Package"; Value = "CAPC1608X90N"; VariantName = "[No Variations]"
Add component (AddParameter): Name = "SymbolName_1"; Value = "06031A4R7BAT2A"; VariantName = "[No Variations]"
Added Component: Designator=C9(CAPC1608X90N)
Add component (AddParameter): Name = "Arrow_Part_Number"; Value = "06031A4R7BAT2A"; VariantName = "[No Variations]"
Add component (AddParameter): Name = "Arrow_Price-Stock"; Value = "https://www.arrow.com/en/products/06031a4r7bat2a/avx"; VariantName = "[No Variations]"
Add component (AddParameter): Name = "DeviceName"; Value = ""; VariantName = "[No Variations]"
Add component (AddParameter): Name = "DeviceSetName"; Value = "06031A4R7BAT2A"; VariantName = "[No Variations]"
Add component (AddParameter): Name = "GateName_1"; Value = "G$1"; VariantName = "[No Variations]"
Add component (AddParameter): Name = "Height"; Value = "0.9mm"; VariantName = "[No Variations]"
Add component (AddParameter): Name = "LibraryName"; Value = "06031A4R7BAT2A"; VariantName = "[No Variations]"
Add component (AddParameter): Name = "Manufacturer_Name"; Value = "AVX"; VariantName = "[No Variations]"
Add component (AddParameter): Name = "Manufacturer_Part_Number"; Value = "06031A4R7BAT2A"; VariantName = "[No Variations]"
Add component (AddParameter): Name = "Mouser_Part_Number"; Value = ""; VariantName = "[No Variations]"
Add component (AddParameter): Name = "Mouser_Price-Stock"; Value = ""; VariantName = "[No Variations]"
Add component (AddParameter): Name = "Package"; Value = "CAPC1608X90N"; VariantName = "[No Variations]"
Add component (AddParameter): Name = "SymbolName_1"; Value = "06031A4R7BAT2A"; VariantName = "[No Variations]"
Added Component: Designator=C10(CAPC1608X90N)
Add component (AddParameter): Name = "Arrow_Part_Number"; Value = "06031A4R7BAT2A"; VariantName = "[No Variations]"
Add component (AddParameter): Name = "Arrow_Price-Stock"; Value = "https://www.arrow.com/en/products/06031a4r7bat2a/avx"; VariantName = "[No Variations]"
Add component (AddParameter): Name = "DeviceName"; Value = ""; VariantName = "[No Variations]"
Add component (AddParameter): Name = "DeviceSetName"; Value = "06031A4R7BAT2A"; VariantName = "[No Variations]"
Add component (AddParameter): Name = "GateName_1"; Value = "G$1"; VariantName = "[No Variations]"
Add component (AddParameter): Name = "Height"; Value = "0.9mm"; VariantName = "[No Variations]"
Add component (AddParameter): Name = "LibraryName"; Value = "06031A4R7BAT2A"; VariantName = "[No Variations]"
Add component (AddParameter): Name = "Manufacturer_Name"; Value = "AVX"; VariantName = "[No Variations]"
Add component (AddParameter): Name = "Manufacturer_Part_Number"; Value = "06031A4R7BAT2A"; VariantName = "[No Variations]"
Add component (AddParameter): Name = "Mouser_Part_Number"; Value = ""; VariantName = "[No Variations]"
Add component (AddParameter): Name = "Mouser_Price-Stock"; Value = ""; VariantName = "[No Variations]"
Add component (AddParameter): Name = "Package"; Value = "CAPC1608X90N"; VariantName = "[No Variations]"
Add component (AddParameter): Name = "SymbolName_1"; Value = "06031A4R7BAT2A"; VariantName = "[No Variations]"
Added Component: Designator=C11(CAPC1608X90N)
Add component (AddParameter): Name = "Arrow_Part_Number"; Value = "06031A4R7BAT2A"; VariantName = "[No Variations]"
Add component (AddParameter): Name = "Arrow_Price-Stock"; Value = "https://www.arrow.com/en/products/06031a4r7bat2a/avx"; VariantName = "[No Variations]"
Add component (AddParameter): Name = "DeviceName"; Value = ""; VariantName = "[No Variations]"
Add component (AddParameter): Name = "DeviceSetName"; Value = "06031A4R7BAT2A"; VariantName = "[No Variations]"
Add component (AddParameter): Name = "GateName_1"; Value = "G$1"; VariantName = "[No Variations]"
Add component (AddParameter): Name = "Height"; Value = "0.9mm"; VariantName = "[No Variations]"
Add component (AddParameter): Name = "LibraryName"; Value = "06031A4R7BAT2A"; VariantName = "[No Variations]"
Add component (AddParameter): Name = "Manufacturer_Name"; Value = "AVX"; VariantName = "[No Variations]"
Add component (AddParameter): Name = "Manufacturer_Part_Number"; Value = "06031A4R7BAT2A"; VariantName = "[No Variations]"
Add component (AddParameter): Name = "Mouser_Part_Number"; Value = ""; VariantName = "[No Variations]"
Add component (AddParameter): Name = "Mouser_Price-Stock"; Value = ""; VariantName = "[No Variations]"
Add component (AddParameter): Name = "Package"; Value = "CAPC1608X90N"; VariantName = "[No Variations]"
Add component (AddParameter): Name = "SymbolName_1"; Value = "06031A4R7BAT2A"; VariantName = "[No Variations]"
Added Component: Designator=C12(CAPC1608X90N)
Add component (AddParameter): Name = "Arrow_Part_Number"; Value = "06031A4R7BAT2A"; VariantName = "[No Variations]"
Add component (AddParameter): Name = "Arrow_Price-Stock"; Value = "https://www.arrow.com/en/products/06031a4r7bat2a/avx"; VariantName = "[No Variations]"
Add component (AddParameter): Name = "DeviceName"; Value = ""; VariantName = "[No Variations]"
Add component (AddParameter): Name = "DeviceSetName"; Value = "06031A4R7BAT2A"; VariantName = "[No Variations]"
Add component (AddParameter): Name = "GateName_1"; Value = "G$1"; VariantName = "[No Variations]"
Add component (AddParameter): Name = "Height"; Value = "0.9mm"; VariantName = "[No Variations]"
Add component (AddParameter): Name = "LibraryName"; Value = "06031A4R7BAT2A"; VariantName = "[No Variations]"
Add component (AddParameter): Name = "Manufacturer_Name"; Value = "AVX"; VariantName = "[No Variations]"
Add component (AddParameter): Name = "Manufacturer_Part_Number"; Value = "06031A4R7BAT2A"; VariantName = "[No Variations]"
Add component (AddParameter): Name = "Mouser_Part_Number"; Value = ""; VariantName = "[No Variations]"
Add component (AddParameter): Name = "Mouser_Price-Stock"; Value = ""; VariantName = "[No Variations]"
Add component (AddParameter): Name = "Package"; Value = "CAPC1608X90N"; VariantName = "[No Variations]"
Add component (AddParameter): Name = "SymbolName_1"; Value = "06031A4R7BAT2A"; VariantName = "[No Variations]"
Added Component: Designator=C101(CAPC1608X90N)
Add component (AddParameter): Name = "Arrow_Part_Number"; Value = "06031A4R7BAT2A"; VariantName = "[No Variations]"
Add component (AddParameter): Name = "Arrow_Price-Stock"; Value = "https://www.arrow.com/en/products/06031a4r7bat2a/avx"; VariantName = "[No Variations]"
Add component (AddParameter): Name = "DeviceName"; Value = ""; VariantName = "[No Variations]"
Add component (AddParameter): Name = "DeviceSetName"; Value = "06031A4R7BAT2A"; VariantName = "[No Variations]"
Add component (AddParameter): Name = "GateName_1"; Value = "G$1"; VariantName = "[No Variations]"
Add component (AddParameter): Name = "Height"; Value = "0.9mm"; VariantName = "[No Variations]"
Add component (AddParameter): Name = "LibraryName"; Value = "06031A4R7BAT2A"; VariantName = "[No Variations]"
Add component (AddParameter): Name = "Manufacturer_Name"; Value = "AVX"; VariantName = "[No Variations]"
Add component (AddParameter): Name = "Manufacturer_Part_Number"; Value = "06031A4R7BAT2A"; VariantName = "[No Variations]"
Add component (AddParameter): Name = "Mouser_Part_Number"; Value = ""; VariantName = "[No Variations]"
Add component (AddParameter): Name = "Mouser_Price-Stock"; Value = ""; VariantName = "[No Variations]"
Add component (AddParameter): Name = "Package"; Value = "CAPC1608X90N"; VariantName = "[No Variations]"
Add component (AddParameter): Name = "SymbolName_1"; Value = "06031A4R7BAT2A"; VariantName = "[No Variations]"
Added Component: Designator=L1(0603CS82NXGLW)
Add component (AddParameter): Name = "Arrow_Part_Number"; Value = ""; VariantName = "[No Variations]"
Add component (AddParameter): Name = "Arrow_Price-Stock"; Value = ""; VariantName = "[No Variations]"
Add component (AddParameter): Name = "DeviceName"; Value = ""; VariantName = "[No Variations]"
Add component (AddParameter): Name = "DeviceSetName"; Value = "0603CS-22NXJLU"; VariantName = "[No Variations]"
Add component (AddParameter): Name = "GateName_1"; Value = "G$1"; VariantName = "[No Variations]"
Add component (AddParameter): Name = "Height"; Value = "1mm"; VariantName = "[No Variations]"
Add component (AddParameter): Name = "LibraryName"; Value = "0603CS-22NXJLU"; VariantName = "[No Variations]"
Add component (AddParameter): Name = "Manufacturer_Name"; Value = "COILCRAFT"; VariantName = "[No Variations]"
Add component (AddParameter): Name = "Manufacturer_Part_Number"; Value = "0603CS-22NXJLU"; VariantName = "[No Variations]"
Add component (AddParameter): Name = "Mouser_Part_Number"; Value = "994-0603CS-22NXJLU"; VariantName = "[No Variations]"
Add component (AddParameter): Name = "Mouser_Price-Stock"; Value = "http://www.mouser.com/Search/ProductDetail.aspx?qs=zCSbvcPd3pZzI0Qezu9TiA%3d%3d"; VariantName = "[No Variations]"
Add component (AddParameter): Name = "Package"; Value = "0603CS82NXGLW"; VariantName = "[No Variations]"
Add component (AddParameter): Name = "SymbolName_1"; Value = "0603CS-22NXJLU"; VariantName = "[No Variations]"
Added Component: Designator=L2(0603CS82NXGLW)
Add component (AddParameter): Name = "Arrow_Part_Number"; Value = ""; VariantName = "[No Variations]"
Add component (AddParameter): Name = "Arrow_Price-Stock"; Value = ""; VariantName = "[No Variations]"
Add component (AddParameter): Name = "DeviceName"; Value = ""; VariantName = "[No Variations]"
Add component (AddParameter): Name = "DeviceSetName"; Value = "0603CS-22NXJLU"; VariantName = "[No Variations]"
Add component (AddParameter): Name = "GateName_1"; Value = "G$1"; VariantName = "[No Variations]"
Add component (AddParameter): Name = "Height"; Value = "1mm"; VariantName = "[No Variations]"
Add component (AddParameter): Name = "LibraryName"; Value = "0603CS-22NXJLU"; VariantName = "[No Variations]"
Add component (AddParameter): Name = "Manufacturer_Name"; Value = "COILCRAFT"; VariantName = "[No Variations]"
Add component (AddParameter): Name = "Manufacturer_Part_Number"; Value = "0603CS-22NXJLU"; VariantName = "[No Variations]"
Add component (AddParameter): Name = "Mouser_Part_Number"; Value = "994-0603CS-22NXJLU"; VariantName = "[No Variations]"
Add component (AddParameter): Name = "Mouser_Price-Stock"; Value = "http://www.mouser.com/Search/ProductDetail.aspx?qs=zCSbvcPd3pZzI0Qezu9TiA%3d%3d"; VariantName = "[No Variations]"
Add component (AddParameter): Name = "Package"; Value = "0603CS82NXGLW"; VariantName = "[No Variations]"
Add component (AddParameter): Name = "SymbolName_1"; Value = "0603CS-22NXJLU"; VariantName = "[No Variations]"
Added Component: Designator=QCC3003(QFN40P600X600X60)
Added Component: Designator=SPI(SOIC127P790X216-8N)
Add component (AddParameter): Name = "Arrow_Part_Number"; Value = "MX25L1606EM2I-12G"; VariantName = "[No Variations]"
Add component (AddParameter): Name = "Arrow_Price-Stock"; Value = "https://www.arrow.com/en/products/mx25l1606em2i-12g/macronix-international"; VariantName = "[No Variations]"
Add component (AddParameter): Name = "DeviceName"; Value = ""; VariantName = "[No Variations]"
Add component (AddParameter): Name = "DeviceSetName"; Value = "MX25L1606EM2I-12G"; VariantName = "[No Variations]"
Add component (AddParameter): Name = "GateName_1"; Value = "G$1"; VariantName = "[No Variations]"
Add component (AddParameter): Name = "Height"; Value = "2.16mm"; VariantName = "[No Variations]"
Add component (AddParameter): Name = "LibraryName"; Value = "MX25L1606EM2I-12G"; VariantName = "[No Variations]"
Add component (AddParameter): Name = "Manufacturer_Name"; Value = "Macronix"; VariantName = "[No Variations]"
Add component (AddParameter): Name = "Manufacturer_Part_Number"; Value = "MX25L1606EM2I-12G"; VariantName = "[No Variations]"
Add component (AddParameter): Name = "Mouser_Part_Number"; Value = ""; VariantName = "[No Variations]"
Add component (AddParameter): Name = "Mouser_Price-Stock"; Value = ""; VariantName = "[No Variations]"
Add component (AddParameter): Name = "Package"; Value = "SOIC127P790X216-8N"; VariantName = "[No Variations]"
Add component (AddParameter): Name = "SymbolName_1"; Value = "MX25L1606EM2I-12G"; VariantName = "[No Variations]"
Added Component: Designator=XT1(ABM1026000MHZD30T3)
Add component (AddParameter): Name = "Arrow_Part_Number"; Value = "ABM10-26.000MHZ-D30-T3"; VariantName = "[No Variations]"
Add component (AddParameter): Name = "Arrow_Price-Stock"; Value = "https://www.arrow.com/en/products/abm10-26.000mhz-d30-t3/abracon"; VariantName = "[No Variations]"
Add component (AddParameter): Name = "DeviceName"; Value = ""; VariantName = "[No Variations]"
Add component (AddParameter): Name = "DeviceSetName"; Value = "ABM10-26.000MHZ-D30-T3"; VariantName = "[No Variations]"
Add component (AddParameter): Name = "GateName_1"; Value = "G$1"; VariantName = "[No Variations]"
Add component (AddParameter): Name = "Height"; Value = "0.5mm"; VariantName = "[No Variations]"
Add component (AddParameter): Name = "LibraryName"; Value = "ABM10-26.000MHZ-D30-T3"; VariantName = "[No Variations]"
Add component (AddParameter): Name = "Manufacturer_Name"; Value = "ABRACON"; VariantName = "[No Variations]"
Add component (AddParameter): Name = "Manufacturer_Part_Number"; Value = "ABM10-26.000MHZ-D30-T3"; VariantName = "[No Variations]"
Add component (AddParameter): Name = "Mouser_Part_Number"; Value = "815-ABM10-26-D30T3"; VariantName = "[No Variations]"
Add component (AddParameter): Name = "Mouser_Price-Stock"; Value = "https://www.mouser.co.uk/ProductDetail/ABRACON/ABM10-26000MHZ-D30-T3?qs=yJy3i4hRrMjoFDiCOmitYA%3D%3D"; VariantName = "[No Variations]"
Add component (AddParameter): Name = "Package"; Value = "ABM1026000MHZD30T3"; VariantName = "[No Variations]"
Add component (AddParameter): Name = "SymbolName_1"; Value = "ABM10-26.000MHZ-D30-T3"; VariantName = "[No Variations]"
Added Pin To Net: NetName=GND Pin=C1-2
Added Pin To Net: NetName=GND Pin=C2-2
Added Pin To Net: NetName=GND Pin=C3-2
Added Pin To Net: NetName=GND Pin=C4-2
Added Pin To Net: NetName=GND Pin=C5-2
Added Pin To Net: NetName=GND Pin=C6-2
Added Pin To Net: NetName=GND Pin=C7-2
Added Pin To Net: NetName=GND Pin=C8-2
Added Pin To Net: NetName=GND Pin=C9-2
Added Pin To Net: NetName=GND Pin=C10-2
Added Pin To Net: NetName=GND Pin=C11-2
Added Pin To Net: NetName=GND Pin=C12-2
Added Pin To Net: NetName=GND Pin=C101-1
Added Pin To Net: NetName=GND Pin=QCC3003-33
Added Pin To Net: NetName=GND Pin=QCC3003-38
Added Pin To Net: NetName=GND Pin=SPI-4
Added Pin To Net: NetName=GND Pin=XT1-2
Added Pin To Net: NetName=GND Pin=XT1-4
Added Net: Name=GND
Added Pin To Net: NetName=NetC1_1 Pin=C1-1
Added Pin To Net: NetName=NetC1_1 Pin=QCC3003-32
Added Net: Name=NetC1_1
Added Pin To Net: NetName=NetC2_1 Pin=C2-1
Added Pin To Net: NetName=NetC2_1 Pin=QCC3003-35
Added Net: Name=NetC2_1
Added Pin To Net: NetName=NetC3_1 Pin=C3-1
Added Pin To Net: NetName=NetC3_1 Pin=QCC3003-36
Added Net: Name=NetC3_1
Added Pin To Net: NetName=NetC4_1 Pin=C4-1
Added Pin To Net: NetName=NetC4_1 Pin=C5-1
Added Pin To Net: NetName=NetC4_1 Pin=C11-1
Added Pin To Net: NetName=NetC4_1 Pin=C101-2
Added Pin To Net: NetName=NetC4_1 Pin=L1-2
Added Pin To Net: NetName=NetC4_1 Pin=QCC3003-6
Added Pin To Net: NetName=NetC4_1 Pin=QCC3003-12
Added Pin To Net: NetName=NetC4_1 Pin=SPI-8
Added Net: Name=NetC4_1
Added Pin To Net: NetName=NetC6_1 Pin=C6-1
Added Pin To Net: NetName=NetC6_1 Pin=C7-1
Added Pin To Net: NetName=NetC6_1 Pin=C8-1
Added Pin To Net: NetName=NetC6_1 Pin=C9-1
Added Pin To Net: NetName=NetC6_1 Pin=L2-2
Added Pin To Net: NetName=NetC6_1 Pin=QCC3003-1
Added Pin To Net: NetName=NetC6_1 Pin=QCC3003-10
Added Pin To Net: NetName=NetC6_1 Pin=QCC3003-30
Added Pin To Net: NetName=NetC6_1 Pin=QCC3003-39
Added Net: Name=NetC6_1
Added Pin To Net: NetName=NetC10_1 Pin=C10-1
Added Pin To Net: NetName=NetC10_1 Pin=QCC3003-29
Added Net: Name=NetC10_1
Added Pin To Net: NetName=NetC12_1 Pin=C12-1
Added Pin To Net: NetName=NetC12_1 Pin=QCC3003-51
Added Net: Name=NetC12_1
Added Pin To Net: NetName=NetL1_1 Pin=L1-1
Added Pin To Net: NetName=NetL1_1 Pin=QCC3003-34
Added Net: Name=NetL1_1
Added Pin To Net: NetName=NetL2_1 Pin=L2-1
Added Pin To Net: NetName=NetL2_1 Pin=QCC3003-37
Added Net: Name=NetL2_1
Added Pin To Net: NetName=NetQCC3003_13 Pin=QCC3003-13
Added Pin To Net: NetName=NetQCC3003_13 Pin=XT1-3
Added Net: Name=NetQCC3003_13
Added Pin To Net: NetName=NetQCC3003_14 Pin=QCC3003-14
Added Pin To Net: NetName=NetQCC3003_14 Pin=XT1-1
Added Net: Name=NetQCC3003_14
Added Pin To Net: NetName=NetQCC3003_16 Pin=QCC3003-16
Added Pin To Net: NetName=NetQCC3003_16 Pin=SPI-7
Added Net: Name=NetQCC3003_16
Added Pin To Net: NetName=NetQCC3003_17 Pin=QCC3003-17
Added Pin To Net: NetName=NetQCC3003_17 Pin=SPI-1
Added Net: Name=NetQCC3003_17
Added Pin To Net: NetName=NetQCC3003_18 Pin=QCC3003-18
Added Pin To Net: NetName=NetQCC3003_18 Pin=SPI-3
Added Net: Name=NetQCC3003_18
Added Pin To Net: NetName=NetQCC3003_20 Pin=QCC3003-20
Added Pin To Net: NetName=NetQCC3003_20 Pin=SPI-6
Added Net: Name=NetQCC3003_20
Added Pin To Net: NetName=NetQCC3003_21 Pin=QCC3003-21
Added Pin To Net: NetName=NetQCC3003_21 Pin=SPI-5
Added Net: Name=NetQCC3003_21
Added Pin To Net: NetName=NetQCC3003_25 Pin=QCC3003-25
Added Pin To Net: NetName=NetQCC3003_25 Pin=SPI-2
Added Net: Name=NetQCC3003_25
Added Pin To Net: NetName=NetQCC3003_31 Pin=QCC3003-31
Added Net: Name=NetQCC3003_31
Added Member To Class: ClassName=Sheet2 Member=Component C1
Added Member To Class: ClassName=Sheet2 Member=Component C2
Added Member To Class: ClassName=Sheet2 Member=Component C3
Added Member To Class: ClassName=Sheet2 Member=Component C4
Added Member To Class: ClassName=Sheet2 Member=Component C5
Added Member To Class: ClassName=Sheet2 Member=Component C6
Added Member To Class: ClassName=Sheet2 Member=Component C7
Added Member To Class: ClassName=Sheet2 Member=Component C8
Added Member To Class: ClassName=Sheet2 Member=Component C9
Added Member To Class: ClassName=Sheet2 Member=Component C10
Added Member To Class: ClassName=Sheet2 Member=Component C11
Added Member To Class: ClassName=Sheet2 Member=Component C12
Added Member To Class: ClassName=Sheet2 Member=Component C101
Added Member To Class: ClassName=Sheet2 Member=Component L1
Added Member To Class: ClassName=Sheet2 Member=Component L2
Added Member To Class: ClassName=Sheet2 Member=Component QCC3003
Added Member To Class: ClassName=Sheet2 Member=Component SPI
Added Member To Class: ClassName=Sheet2 Member=Component XT1
Added Room: Name=Sheet2
